  Assembling TokenStealingPayloadWin11.asm...
TokenStealingPayloadWin11.asm(2): error A2013: .MODEL must precede this directive
TokenStealingPayloadWin11.asm(5): error A2034: must be in segment block : TokenStealingPayloadWin11
TokenStealingPayloadWin11.asm(15): error A2034: must be in segment block
TokenStealingPayloadWin11.asm(16): error A2034: must be in segment block
TokenStealingPayloadWin11.asm(17): error A2034: must be in segment block
TokenStealingPayloadWin11.asm(18): error A2034: must be in segment block
TokenStealingPayloadWin11.asm(22): error A2034: must be in segment block
TokenStealingPayloadWin11.asm(23): error A2034: must be in segment block
TokenStealingPayloadWin11.asm(25): error A2034: must be in segment block
TokenStealingPayloadWin11.asm(27): error A2034: must be in segment block
TokenStealingPayloadWin11.asm(29): error A2034: must be in segment block
TokenStealingPayloadWin11.asm(31): error A2034: must be in segment block
TokenStealingPayloadWin11.asm(33): error A2034: must be in segment block
TokenStealingPayloadWin11.asm(34): error A2034: must be in segment block
TokenStealingPayloadWin11.asm(35): error A2034: must be in segment block
TokenStealingPayloadWin11.asm(36): error A2034: must be in segment block
TokenStealingPayloadWin11.asm(38): error A2034: must be in segment block
TokenStealingPayloadWin11.asm(39): error A2034: must be in segment block
TokenStealingPayloadWin11.asm(43): error A2034: must be in segment block
TokenStealingPayloadWin11.asm(44): error A2034: must be in segment block
TokenStealingPayloadWin11.asm(45): error A2034: must be in segment block
TokenStealingPayloadWin11.asm(46): error A2034: must be in segment block
TokenStealingPayloadWin11.asm(50): error A2034: must be in segment block
TokenStealingPayloadWin11.asm(51): error A2034: must be in segment block
TokenStealingPayloadWin11.asm(52): error A2034: must be in segment block
TokenStealingPayloadWin11.asm(53): error A2034: must be in segment block
TokenStealingPayloadWin11.asm(55): fatal error A1010: unmatched block nesting : TokenStealingPayloadWin11
C:\Program Files\Microsoft Visual Studio\2022\Community\MSBuild\Microsoft\VC\v170\BuildCustomizations\masm.targets(70,5): error MSB3721: The command "ml.exe /c /nologo /Zi /Fo"Debug\TokenStealingPayloadWin11.obj" /W3 /errorReport:prompt  /TaTokenStealingPayloadWin11.asm" exited with code 1.
